Java environment:
System.getProperty("sun.arch.data.model") = 64
System.getProperty("java.specification.version") = 1.6
System.getProperty("java.version" = 1.6.0_65
System.getProperty("java.vm.version") = 20.65-b04-462
System.getProperty("java.runtime.version") = 1.6.0_65-b14-462-11M4609
-----------------------------------------------------------------------------------------------------------------------------------------------------------------------------------
|                                                             Empirically Measured Memory Use of some Java Data Structures                                                        |
-----------------------------------------------------------------------------------------------------------------------------------------------------------------------------------
| m1, m2 | Runtime.getRuntime().freeMemory()                                                   |                                                                                  |
| m1-m2  |                                                                                     | decrease in free memory                                                          |
| m_obj  | com.javamex.classmexer.MemoryUtil.memoryUsageOf(<object>)                           | equivalent to java.lang.instrument.Instrumentation.getObjectSize()               |
| m_deep | com.javamex.classmexer.MemoryUtil.deepMemoryUsageOf(<object>, VisibilityFilter.ALL) | recursively use Instrumentation.getObjectSize() to include referenced objects    |
-----------------------------------------------------------------------------------------------------------------------------------------------------------------------------------
|                                          variable/object/array type (N=800) |    total memory M (bytes)     |   bytes per element  | metadata [+ padding] |       scaling       |
|                                                                 measurement |   m1 - m2     m_obj    m_deep |           M/N        |  M - N * ((int) M/N) |                     |
-----------------------------------------------------------------------------------------------------------------------------------------------------------------------------------
|                                                                         int |         0        16        16 |      0     16     16 |                      |                     |
|                                                                       short |         0        16        16 |      0     16     16 |                      |                     |
|                                                                        long |         0        24        24 |      0     24     24 |                      |                     |
